<?xml version="1.0" encoding="UTF-8"?>
<!-- Generated by org.testng.reporters.JUnitReportReporter -->
<testsuite skipped="0" hostname="Lyafa-ПК" name="com.android.app.AppTest" tests="1" failures="0" timestamp="20 дек 2017 22:17:35 GMT" time="4.040" errors="0">
  <testcase name="Sum" time="4.040" classname="com.android.app.AppTest"/>
</testsuite> <!-- com.android.app.AppTest -->
